[10-May-2019 04:40:49 UTC] PHP Notice:  session_start(): A session had already been started - ignoring in C:\xampp\htdocs\hmc_proj\wp-content\themes\eightmedi-lite\page.php on line 2
[10-May-2019 04:40:49 UTC] PHP Notice:  session_start(): A session had already been started - ignoring in C:\xampp\htdocs\hmc_proj\wp-content\themes\eightmedi-lite\header.php on line 9
[10-May-2019 04:40:49 UTC] PHP Notice:  Undefined index: logout in C:\xampp\htdocs\hmc_proj\wp-content\themes\eightmedi-lite\header.php on line 50
[10-May-2019 04:40:49 UTC] PHP Notice:  Undefined index: username in C:\xampp\htdocs\hmc_proj\wp-content\themes\eightmedi-lite\header.php on line 78
[10-May-2019 04:40:49 UTC] PHP Notice:  session_start(): A session had already been started - ignoring in C:\xampp\htdocs\hmc_proj\wp-content\themes\eightmedi-lite\external\multistep\Q2\Frm_Result_Ovu.php on line 1
[10-May-2019 04:40:49 UTC] ฐานข้อมูลเวิร์ดเพรสผิดพลาด Unknown column 'mem_cyc' in 'field list' ในการทำงาน INSERT INTO `hmc_ovu` (`hc_id`, `first_men_date`, `mem_cyc`) VALUES ('22', '1557446400', '23') โดย require('wp-blog-header.php'), require_once('wp-includes/template-loader.php'), include('/themes/eightmedi-lite/page.php'), get_template_part, locate_template, load_template, require('/themes/eightmedi-lite/template-parts/content-page.php'), the_content, apply_filters('the_content'), WP_Hook->apply_filters, do_blocks, render_block, WP_Block_Type->render, WINP_Gutenberg_Snippet->render_snippet_content, do_shortcode, preg_replace_callback, do_shortcode_tag, Wbcr_FactoryShortcodes325_ShortcodeManager->__call, Wbcr_FactoryShortcodes325_Shortcode->render, WINP_SnippetShortcodePhp->html, eval, include_once('/themes/eightmedi-lite/external/multistep/Q2/Frm_Result_Ovu.php')
[10-May-2019 05:39:44 UTC] PHP Notice:  session_start(): A session had already been started - ignoring in C:\xampp\htdocs\hmc_proj\wp-content\themes\eightmedi-lite\page.php on line 2
[10-May-2019 05:39:44 UTC] PHP Notice:  session_start(): A session had already been started - ignoring in C:\xampp\htdocs\hmc_proj\wp-content\themes\eightmedi-lite\header.php on line 9
[10-May-2019 05:39:44 UTC] PHP Notice:  Undefined index: logout in C:\xampp\htdocs\hmc_proj\wp-content\themes\eightmedi-lite\header.php on line 50
[10-May-2019 05:39:44 UTC] PHP Notice:  Undefined index: username in C:\xampp\htdocs\hmc_proj\wp-content\themes\eightmedi-lite\header.php on line 78
[10-May-2019 05:39:47 UTC] PHP Notice:  session_start(): A session had already been started - ignoring in C:\xampp\htdocs\hmc_proj\wp-content\themes\eightmedi-lite\external\multistep\Q2\Frm_Result_Ovu.php on line 1
[10-May-2019 06:00:55 UTC] PHP Notice:  session_start(): A session had already been started - ignoring in C:\xampp\htdocs\hmc_proj\wp-content\themes\eightmedi-lite\page.php on line 2
[10-May-2019 06:00:55 UTC] PHP Notice:  session_start(): A session had already been started - ignoring in C:\xampp\htdocs\hmc_proj\wp-content\themes\eightmedi-lite\header.php on line 9
[10-May-2019 06:00:55 UTC] PHP Notice:  Undefined index: logout in C:\xampp\htdocs\hmc_proj\wp-content\themes\eightmedi-lite\header.php on line 50
[10-May-2019 06:00:55 UTC] PHP Notice:  Undefined index: username in C:\xampp\htdocs\hmc_proj\wp-content\themes\eightmedi-lite\header.php on line 78
[10-May-2019 06:00:55 UTC] PHP Notice:  session_start(): A session had already been started - ignoring in C:\xampp\htdocs\hmc_proj\wp-content\themes\eightmedi-lite\external\multistep\Q2\Frm_Result_Ovu.php on line 1
[10-May-2019 06:01:30 UTC] PHP Notice:  session_start(): A session had already been started - ignoring in C:\xampp\htdocs\hmc_proj\wp-content\themes\eightmedi-lite\page.php on line 2
[10-May-2019 06:01:30 UTC] PHP Notice:  session_start(): A session had already been started - ignoring in C:\xampp\htdocs\hmc_proj\wp-content\themes\eightmedi-lite\header.php on line 9
[10-May-2019 06:01:30 UTC] PHP Notice:  Undefined index: logout in C:\xampp\htdocs\hmc_proj\wp-content\themes\eightmedi-lite\header.php on line 50
[10-May-2019 06:01:30 UTC] PHP Notice:  Undefined index: username in C:\xampp\htdocs\hmc_proj\wp-content\themes\eightmedi-lite\header.php on line 78
[10-May-2019 06:01:30 UTC] PHP Notice:  session_start(): A session had already been started - ignoring in C:\xampp\htdocs\hmc_proj\wp-content\themes\eightmedi-lite\external\multistep\Q2\Frm_Result_Ovu.php on line 1
[10-May-2019 06:11:02 UTC] PHP Notice:  session_start(): A session had already been started - ignoring in C:\xampp\htdocs\hmc_proj\wp-content\themes\eightmedi-lite\page.php on line 2
[10-May-2019 06:11:02 UTC] PHP Notice:  session_start(): A session had already been started - ignoring in C:\xampp\htdocs\hmc_proj\wp-content\themes\eightmedi-lite\header.php on line 9
[10-May-2019 06:11:02 UTC] PHP Notice:  Undefined index: logout in C:\xampp\htdocs\hmc_proj\wp-content\themes\eightmedi-lite\header.php on line 50
[10-May-2019 06:11:02 UTC] PHP Notice:  Undefined index: username in C:\xampp\htdocs\hmc_proj\wp-content\themes\eightmedi-lite\header.php on line 78
[10-May-2019 06:11:02 UTC] PHP Notice:  session_start(): A session had already been started - ignoring in C:\xampp\htdocs\hmc_proj\wp-content\themes\eightmedi-lite\external\multistep\Q2\Frm_Result_Ovu.php on line 1
[10-May-2019 06:14:22 UTC] PHP Notice:  session_start(): A session had already been started - ignoring in C:\xampp\htdocs\hmc_proj\wp-content\themes\eightmedi-lite\page.php on line 2
[10-May-2019 06:14:22 UTC] PHP Notice:  session_start(): A session had already been started - ignoring in C:\xampp\htdocs\hmc_proj\wp-content\themes\eightmedi-lite\header.php on line 9
[10-May-2019 06:14:22 UTC] PHP Notice:  Undefined index: logout in C:\xampp\htdocs\hmc_proj\wp-content\themes\eightmedi-lite\header.php on line 50
[10-May-2019 06:14:22 UTC] PHP Notice:  Undefined index: username in C:\xampp\htdocs\hmc_proj\wp-content\themes\eightmedi-lite\header.php on line 78
[10-May-2019 06:14:22 UTC] PHP Notice:  session_start(): A session had already been started - ignoring in C:\xampp\htdocs\hmc_proj\wp-content\themes\eightmedi-lite\external\multistep\Q2\Frm_Result_Ovu.php on line 1
[10-May-2019 06:30:06 UTC] PHP Notice:  session_start(): A session had already been started - ignoring in C:\xampp\htdocs\hmc_proj\wp-content\themes\eightmedi-lite\page.php on line 2
[10-May-2019 06:30:06 UTC] PHP Notice:  session_start(): A session had already been started - ignoring in C:\xampp\htdocs\hmc_proj\wp-content\themes\eightmedi-lite\header.php on line 9
[10-May-2019 06:30:06 UTC] PHP Notice:  Undefined index: logout in C:\xampp\htdocs\hmc_proj\wp-content\themes\eightmedi-lite\header.php on line 50
[10-May-2019 06:30:09 UTC] PHP Notice:  Undefined index: username in C:\xampp\htdocs\hmc_proj\wp-content\themes\eightmedi-lite\header.php on line 78
[10-May-2019 06:30:23 UTC] PHP Notice:  session_start(): A session had already been started - ignoring in C:\xampp\htdocs\hmc_proj\wp-content\themes\eightmedi-lite\page.php on line 2
[10-May-2019 06:30:23 UTC] PHP Notice:  session_start(): A session had already been started - ignoring in C:\xampp\htdocs\hmc_proj\wp-content\themes\eightmedi-lite\header.php on line 9
[10-May-2019 06:30:23 UTC] PHP Notice:  Undefined index: logout in C:\xampp\htdocs\hmc_proj\wp-content\themes\eightmedi-lite\header.php on line 50
[10-May-2019 06:30:23 UTC] PHP Notice:  Undefined index: username in C:\xampp\htdocs\hmc_proj\wp-content\themes\eightmedi-lite\header.php on line 78
[10-May-2019 06:30:23 UTC] PHP Notice:  session_start(): A session had already been started - ignoring in C:\xampp\htdocs\hmc_proj\wp-content\themes\eightmedi-lite\external\multistep\Q2\Frm_Ovu.php on line 1
[10-May-2019 06:30:23 UTC] PHP Notice:  Undefined offset: 0 in C:\xampp\htdocs\hmc_proj\wp-content\themes\eightmedi-lite\external\multistep\Q2\Frm_Ovu.php on line 208
[10-May-2019 06:30:23 UTC] PHP Notice:  Trying to get property 'hc_id' of non-object in C:\xampp\htdocs\hmc_proj\wp-content\themes\eightmedi-lite\external\multistep\Q2\Frm_Ovu.php on line 208
[10-May-2019 06:32:31 UTC] PHP Notice:  session_start(): A session had already been started - ignoring in C:\xampp\htdocs\hmc_proj\wp-content\themes\eightmedi-lite\page.php on line 2
[10-May-2019 06:32:31 UTC] PHP Notice:  session_start(): A session had already been started - ignoring in C:\xampp\htdocs\hmc_proj\wp-content\themes\eightmedi-lite\header.php on line 9
[10-May-2019 06:32:31 UTC] PHP Notice:  Undefined index: logout in C:\xampp\htdocs\hmc_proj\wp-content\themes\eightmedi-lite\header.php on line 50
[10-May-2019 06:32:31 UTC] PHP Notice:  Undefined index: username in C:\xampp\htdocs\hmc_proj\wp-content\themes\eightmedi-lite\header.php on line 78
[10-May-2019 06:32:31 UTC] PHP Notice:  session_start(): A session had already been started - ignoring in C:\xampp\htdocs\hmc_proj\wp-content\themes\eightmedi-lite\external\multistep\Q2\Frm_Ovu.php on line 1
[10-May-2019 06:32:31 UTC] PHP Notice:  Undefined offset: 0 in C:\xampp\htdocs\hmc_proj\wp-content\themes\eightmedi-lite\external\multistep\Q2\Frm_Ovu.php on line 208
[10-May-2019 06:32:31 UTC] PHP Notice:  Trying to get property 'hc_id' of non-object in C:\xampp\htdocs\hmc_proj\wp-content\themes\eightmedi-lite\external\multistep\Q2\Frm_Ovu.php on line 208
[10-May-2019 06:32:38 UTC] PHP Notice:  session_start(): A session had already been started - ignoring in C:\xampp\htdocs\hmc_proj\wp-content\themes\eightmedi-lite\page.php on line 2
[10-May-2019 06:32:38 UTC] PHP Notice:  session_start(): A session had already been started - ignoring in C:\xampp\htdocs\hmc_proj\wp-content\themes\eightmedi-lite\header.php on line 9
[10-May-2019 06:32:38 UTC] PHP Notice:  Undefined index: logout in C:\xampp\htdocs\hmc_proj\wp-content\themes\eightmedi-lite\header.php on line 50
[10-May-2019 06:32:38 UTC] PHP Notice:  Undefined index: username in C:\xampp\htdocs\hmc_proj\wp-content\themes\eightmedi-lite\header.php on line 78
[10-May-2019 06:32:39 UTC] PHP Notice:  Undefined index: onsubmit in C:\xampp\htdocs\hmc_proj\wp-content\themes\eightmedi-lite\external\login\login.php on line 68
[10-May-2019 06:32:39 UTC] PHP Notice:  Undefined index: txt_email in C:\xampp\htdocs\hmc_proj\wp-content\themes\eightmedi-lite\external\login\login.php on line 69
[10-May-2019 06:32:39 UTC] PHP Notice:  Undefined index: txt_pwd in C:\xampp\htdocs\hmc_proj\wp-content\themes\eightmedi-lite\external\login\login.php on line 70
[10-May-2019 06:32:39 UTC] PHP Notice:  Undefined index: prev_page in C:\xampp\htdocs\hmc_proj\wp-content\themes\eightmedi-lite\external\login\login.php on line 71
[10-May-2019 06:46:20 UTC] PHP Notice:  session_start(): A session had already been started - ignoring in C:\xampp\htdocs\hmc_proj\wp-content\themes\eightmedi-lite\page.php on line 2
[10-May-2019 06:46:20 UTC] PHP Notice:  session_start(): A session had already been started - ignoring in C:\xampp\htdocs\hmc_proj\wp-content\themes\eightmedi-lite\header.php on line 9
[10-May-2019 06:46:20 UTC] PHP Notice:  Undefined index: logout in C:\xampp\htdocs\hmc_proj\wp-content\themes\eightmedi-lite\header.php on line 50
[10-May-2019 06:46:20 UTC] PHP Notice:  Undefined index: username in C:\xampp\htdocs\hmc_proj\wp-content\themes\eightmedi-lite\header.php on line 78
[10-May-2019 06:46:20 UTC] PHP Notice:  Undefined index: onsubmit in C:\xampp\htdocs\hmc_proj\wp-content\themes\eightmedi-lite\external\login\login.php on line 68
[10-May-2019 06:46:20 UTC] PHP Notice:  Undefined index: txt_email in C:\xampp\htdocs\hmc_proj\wp-content\themes\eightmedi-lite\external\login\login.php on line 69
[10-May-2019 06:46:20 UTC] PHP Notice:  Undefined index: txt_pwd in C:\xampp\htdocs\hmc_proj\wp-content\themes\eightmedi-lite\external\login\login.php on line 70
[10-May-2019 06:46:20 UTC] PHP Notice:  Undefined index: prev_page in C:\xampp\htdocs\hmc_proj\wp-content\themes\eightmedi-lite\external\login\login.php on line 71
[10-May-2019 06:48:39 UTC] PHP Notice:  session_start(): A session had already been started - ignoring in C:\xampp\htdocs\hmc_proj\wp-content\themes\eightmedi-lite\page.php on line 2
[10-May-2019 06:48:39 UTC] PHP Notice:  session_start(): A session had already been started - ignoring in C:\xampp\htdocs\hmc_proj\wp-content\themes\eightmedi-lite\header.php on line 9
[10-May-2019 06:48:39 UTC] PHP Notice:  Undefined index: logout in C:\xampp\htdocs\hmc_proj\wp-content\themes\eightmedi-lite\header.php on line 50
[10-May-2019 06:48:40 UTC] PHP Notice:  Undefined index: username in C:\xampp\htdocs\hmc_proj\wp-content\themes\eightmedi-lite\header.php on line 78
[10-May-2019 06:57:06 UTC] PHP Notice:  session_start(): A session had already been started - ignoring in C:\xampp\htdocs\hmc_proj\wp-content\themes\eightmedi-lite\page.php on line 2
[10-May-2019 06:57:06 UTC] PHP Notice:  session_start(): A session had already been started - ignoring in C:\xampp\htdocs\hmc_proj\wp-content\themes\eightmedi-lite\header.php on line 9
[10-May-2019 06:57:06 UTC] PHP Notice:  Undefined index: logout in C:\xampp\htdocs\hmc_proj\wp-content\themes\eightmedi-lite\header.php on line 50
[10-May-2019 06:57:06 UTC] PHP Notice:  Undefined index: username in C:\xampp\htdocs\hmc_proj\wp-content\themes\eightmedi-lite\header.php on line 80
[10-May-2019 06:57:06 UTC] PHP Notice:  session_start(): A session had already been started - ignoring in C:\xampp\htdocs\hmc_proj\wp-content\themes\eightmedi-lite\external\multistep\Q2\Frm_Ovu.php on line 1
[10-May-2019 06:57:06 UTC] PHP Notice:  Undefined offset: 0 in C:\xampp\htdocs\hmc_proj\wp-content\themes\eightmedi-lite\external\multistep\Q2\Frm_Ovu.php on line 208
[10-May-2019 06:57:06 UTC] PHP Notice:  Trying to get property 'hc_id' of non-object in C:\xampp\htdocs\hmc_proj\wp-content\themes\eightmedi-lite\external\multistep\Q2\Frm_Ovu.php on line 208
[10-May-2019 06:57:31 UTC] PHP Notice:  session_start(): A session had already been started - ignoring in C:\xampp\htdocs\hmc_proj\wp-content\themes\eightmedi-lite\page.php on line 2
[10-May-2019 06:57:31 UTC] PHP Notice:  session_start(): A session had already been started - ignoring in C:\xampp\htdocs\hmc_proj\wp-content\themes\eightmedi-lite\header.php on line 9
[10-May-2019 06:57:31 UTC] PHP Notice:  Undefined index: logout in C:\xampp\htdocs\hmc_proj\wp-content\themes\eightmedi-lite\header.php on line 50
[10-May-2019 06:57:31 UTC] PHP Notice:  Undefined index: username in C:\xampp\htdocs\hmc_proj\wp-content\themes\eightmedi-lite\header.php on line 80
[10-May-2019 06:57:31 UTC] PHP Notice:  session_start(): A session had already been started - ignoring in C:\xampp\htdocs\hmc_proj\wp-content\themes\eightmedi-lite\external\multistep\Q2\Frm_Result_Ovu.php on line 1
[10-May-2019 06:58:38 UTC] PHP Notice:  session_start(): A session had already been started - ignoring in C:\xampp\htdocs\hmc_proj\wp-content\themes\eightmedi-lite\page.php on line 2
[10-May-2019 06:58:38 UTC] PHP Notice:  session_start(): A session had already been started - ignoring in C:\xampp\htdocs\hmc_proj\wp-content\themes\eightmedi-lite\header.php on line 9
[10-May-2019 06:58:38 UTC] PHP Notice:  Undefined index: logout in C:\xampp\htdocs\hmc_proj\wp-content\themes\eightmedi-lite\header.php on line 50
[10-May-2019 06:58:38 UTC] PHP Notice:  Undefined index: username in C:\xampp\htdocs\hmc_proj\wp-content\themes\eightmedi-lite\header.php on line 80
[10-May-2019 06:58:38 UTC] PHP Notice:  session_start(): A session had already been started - ignoring in C:\xampp\htdocs\hmc_proj\wp-content\themes\eightmedi-lite\external\multistep\Q2\Frm_Result_Ovu.php on line 1
[10-May-2019 07:04:27 UTC] PHP Notice:  session_start(): A session had already been started - ignoring in C:\xampp\htdocs\hmc_proj\wp-content\themes\eightmedi-lite\page.php on line 2
[10-May-2019 07:04:27 UTC] PHP Notice:  session_start(): A session had already been started - ignoring in C:\xampp\htdocs\hmc_proj\wp-content\themes\eightmedi-lite\header.php on line 9
[10-May-2019 07:04:27 UTC] PHP Notice:  Undefined index: logout in C:\xampp\htdocs\hmc_proj\wp-content\themes\eightmedi-lite\header.php on line 50
[10-May-2019 07:04:27 UTC] PHP Notice:  Undefined index: username in C:\xampp\htdocs\hmc_proj\wp-content\themes\eightmedi-lite\header.php on line 80
[10-May-2019 07:04:27 UTC] PHP Notice:  session_start(): A session had already been started - ignoring in C:\xampp\htdocs\hmc_proj\wp-content\themes\eightmedi-lite\external\multistep\Q2\Frm_Result_Ovu.php on line 1
[10-May-2019 07:04:48 UTC] PHP Notice:  session_start(): A session had already been started - ignoring in C:\xampp\htdocs\hmc_proj\wp-content\themes\eightmedi-lite\page.php on line 2
[10-May-2019 07:04:48 UTC] PHP Notice:  session_start(): A session had already been started - ignoring in C:\xampp\htdocs\hmc_proj\wp-content\themes\eightmedi-lite\header.php on line 9
[10-May-2019 07:04:48 UTC] PHP Notice:  Undefined index: logout in C:\xampp\htdocs\hmc_proj\wp-content\themes\eightmedi-lite\header.php on line 50
[10-May-2019 07:04:48 UTC] PHP Notice:  Undefined index: username in C:\xampp\htdocs\hmc_proj\wp-content\themes\eightmedi-lite\header.php on line 80
[10-May-2019 07:04:48 UTC] PHP Notice:  Undefined index: onsubmit in C:\xampp\htdocs\hmc_proj\wp-content\themes\eightmedi-lite\external\login\login.php on line 68
[10-May-2019 07:04:48 UTC] PHP Notice:  Undefined index: txt_email in C:\xampp\htdocs\hmc_proj\wp-content\themes\eightmedi-lite\external\login\login.php on line 69
[10-May-2019 07:04:48 UTC] PHP Notice:  Undefined index: txt_pwd in C:\xampp\htdocs\hmc_proj\wp-content\themes\eightmedi-lite\external\login\login.php on line 70
[10-May-2019 07:04:48 UTC] PHP Notice:  Undefined index: prev_page in C:\xampp\htdocs\hmc_proj\wp-content\themes\eightmedi-lite\external\login\login.php on line 71
[10-May-2019 07:15:16 UTC] PHP Notice:  session_start(): A session had already been started - ignoring in C:\xampp\htdocs\hmc_proj\wp-content\themes\eightmedi-lite\page.php on line 2
[10-May-2019 07:15:16 UTC] PHP Notice:  session_start(): A session had already been started - ignoring in C:\xampp\htdocs\hmc_proj\wp-content\themes\eightmedi-lite\header.php on line 9
[10-May-2019 07:15:16 UTC] PHP Notice:  Undefined index: logout in C:\xampp\htdocs\hmc_proj\wp-content\themes\eightmedi-lite\header.php on line 50
[10-May-2019 07:15:16 UTC] PHP Notice:  Undefined index: username in C:\xampp\htdocs\hmc_proj\wp-content\themes\eightmedi-lite\header.php on line 80
[10-May-2019 07:15:18 UTC] PHP Notice:  session_start(): A session had already been started - ignoring in C:\xampp\htdocs\hmc_proj\wp-content\themes\eightmedi-lite\page.php on line 2
[10-May-2019 07:15:18 UTC] PHP Notice:  session_start(): A session had already been started - ignoring in C:\xampp\htdocs\hmc_proj\wp-content\themes\eightmedi-lite\header.php on line 9
[10-May-2019 07:15:18 UTC] PHP Notice:  Undefined index: logout in C:\xampp\htdocs\hmc_proj\wp-content\themes\eightmedi-lite\header.php on line 50
[10-May-2019 07:15:30 UTC] PHP Notice:  session_start(): A session had already been started - ignoring in C:\xampp\htdocs\hmc_proj\wp-content\themes\eightmedi-lite\page.php on line 2
[10-May-2019 07:15:30 UTC] PHP Notice:  session_start(): A session had already been started - ignoring in C:\xampp\htdocs\hmc_proj\wp-content\themes\eightmedi-lite\header.php on line 9
[10-May-2019 07:15:30 UTC] PHP Notice:  Undefined index: logout in C:\xampp\htdocs\hmc_proj\wp-content\themes\eightmedi-lite\header.php on line 50
[10-May-2019 07:15:30 UTC] PHP Notice:  session_start(): A session had already been started - ignoring in C:\xampp\htdocs\hmc_proj\wp-content\themes\eightmedi-lite\external\multistep\Q2\Frm_Ovu.php on line 1
[10-May-2019 07:15:30 UTC] PHP Notice:  Undefined offset: 0 in C:\xampp\htdocs\hmc_proj\wp-content\themes\eightmedi-lite\external\multistep\Q2\Frm_Ovu.php on line 208
[10-May-2019 07:15:30 UTC] PHP Notice:  Trying to get property 'hc_id' of non-object in C:\xampp\htdocs\hmc_proj\wp-content\themes\eightmedi-lite\external\multistep\Q2\Frm_Ovu.php on line 208
[10-May-2019 07:24:50 UTC] PHP Notice:  session_start(): A session had already been started - ignoring in C:\xampp\htdocs\hmc_proj\wp-content\themes\eightmedi-lite\page.php on line 2
[10-May-2019 07:24:50 UTC] PHP Notice:  session_start(): A session had already been started - ignoring in C:\xampp\htdocs\hmc_proj\wp-content\themes\eightmedi-lite\header.php on line 9
[10-May-2019 07:24:50 UTC] PHP Notice:  Undefined index: username in C:\xampp\htdocs\hmc_proj\wp-content\themes\eightmedi-lite\header.php on line 80
[10-May-2019 07:24:50 UTC] PHP Notice:  Undefined index: fullname in C:\xampp\htdocs\hmc_proj\wp-content\themes\eightmedi-lite\header.php on line 81
[10-May-2019 07:24:50 UTC] PHP Notice:  session_start(): A session had already been started - ignoring in C:\xampp\htdocs\hmc_proj\wp-content\themes\eightmedi-lite\external\multistep\Q2\Frm_Ovu.php on line 1
[10-May-2019 07:24:50 UTC] PHP Notice:  Undefined index: id in C:\xampp\htdocs\hmc_proj\wp-content\themes\eightmedi-lite\external\multistep\Q2\Frm_Ovu.php on line 206
[10-May-2019 07:24:50 UTC] PHP Notice:  Undefined offset: 0 in C:\xampp\htdocs\hmc_proj\wp-content\themes\eightmedi-lite\external\multistep\Q2\Frm_Ovu.php on line 212
[10-May-2019 07:24:50 UTC] PHP Notice:  Trying to get property 'hc_id' of non-object in C:\xampp\htdocs\hmc_proj\wp-content\themes\eightmedi-lite\external\multistep\Q2\Frm_Ovu.php on line 212
[10-May-2019 07:24:53 UTC] PHP Notice:  session_start(): A session had already been started - ignoring in C:\xampp\htdocs\hmc_proj\wp-content\themes\eightmedi-lite\header.php on line 9
[10-May-2019 07:24:53 UTC] PHP Notice:  Undefined index: logout in C:\xampp\htdocs\hmc_proj\wp-content\themes\eightmedi-lite\header.php on line 50
[10-May-2019 07:24:53 UTC] PHP Notice:  Undefined index: username in C:\xampp\htdocs\hmc_proj\wp-content\themes\eightmedi-lite\header.php on line 80
[10-May-2019 07:24:53 UTC] PHP Notice:  Undefined index: fullname in C:\xampp\htdocs\hmc_proj\wp-content\themes\eightmedi-lite\header.php on line 81
[10-May-2019 07:25:06 UTC] PHP Notice:  session_start(): A session had already been started - ignoring in C:\xampp\htdocs\hmc_proj\wp-content\themes\eightmedi-lite\page.php on line 2
[10-May-2019 07:25:06 UTC] PHP Notice:  session_start(): A session had already been started - ignoring in C:\xampp\htdocs\hmc_proj\wp-content\themes\eightmedi-lite\header.php on line 9
[10-May-2019 07:25:06 UTC] PHP Notice:  Undefined index: logout in C:\xampp\htdocs\hmc_proj\wp-content\themes\eightmedi-lite\header.php on line 50
[10-May-2019 07:25:06 UTC] PHP Notice:  Undefined index: username in C:\xampp\htdocs\hmc_proj\wp-content\themes\eightmedi-lite\header.php on line 80
[10-May-2019 07:25:06 UTC] PHP Notice:  Undefined index: fullname in C:\xampp\htdocs\hmc_proj\wp-content\themes\eightmedi-lite\header.php on line 81
[10-May-2019 07:25:06 UTC] PHP Notice:  Undefined index: onsubmit in C:\xampp\htdocs\hmc_proj\wp-content\themes\eightmedi-lite\external\login\login.php on line 68
[10-May-2019 07:25:06 UTC] PHP Notice:  Undefined index: txt_email in C:\xampp\htdocs\hmc_proj\wp-content\themes\eightmedi-lite\external\login\login.php on line 69
[10-May-2019 07:25:06 UTC] PHP Notice:  Undefined index: txt_pwd in C:\xampp\htdocs\hmc_proj\wp-content\themes\eightmedi-lite\external\login\login.php on line 70
[10-May-2019 07:25:06 UTC] PHP Notice:  Undefined index: prev_page in C:\xampp\htdocs\hmc_proj\wp-content\themes\eightmedi-lite\external\login\login.php on line 71
[10-May-2019 07:25:45 UTC] PHP Notice:  session_start(): A session had already been started - ignoring in C:\xampp\htdocs\hmc_proj\wp-content\themes\eightmedi-lite\page.php on line 2
[10-May-2019 07:25:45 UTC] PHP Notice:  session_start(): A session had already been started - ignoring in C:\xampp\htdocs\hmc_proj\wp-content\themes\eightmedi-lite\header.php on line 9
[10-May-2019 07:25:45 UTC] PHP Notice:  Undefined index: logout in C:\xampp\htdocs\hmc_proj\wp-content\themes\eightmedi-lite\header.php on line 50
[10-May-2019 07:25:47 UTC] PHP Notice:  Undefined index: username in C:\xampp\htdocs\hmc_proj\wp-content\themes\eightmedi-lite\header.php on line 80
[10-May-2019 07:25:47 UTC] PHP Notice:  Undefined index: fullname in C:\xampp\htdocs\hmc_proj\wp-content\themes\eightmedi-lite\header.php on line 81
[10-May-2019 07:25:55 UTC] PHP Notice:  session_start(): A session had already been started - ignoring in C:\xampp\htdocs\hmc_proj\wp-content\themes\eightmedi-lite\page.php on line 2
[10-May-2019 07:25:55 UTC] PHP Notice:  session_start(): A session had already been started - ignoring in C:\xampp\htdocs\hmc_proj\wp-content\themes\eightmedi-lite\header.php on line 9
[10-May-2019 07:25:55 UTC] PHP Notice:  Undefined index: logout in C:\xampp\htdocs\hmc_proj\wp-content\themes\eightmedi-lite\header.php on line 50
[10-May-2019 07:25:55 UTC] PHP Notice:  Undefined index: username in C:\xampp\htdocs\hmc_proj\wp-content\themes\eightmedi-lite\header.php on line 80
[10-May-2019 07:25:55 UTC] PHP Notice:  Undefined index: fullname in C:\xampp\htdocs\hmc_proj\wp-content\themes\eightmedi-lite\header.php on line 81
[10-May-2019 07:25:55 UTC] PHP Notice:  session_start(): A session had already been started - ignoring in C:\xampp\htdocs\hmc_proj\wp-content\themes\eightmedi-lite\external\multistep\Q2\Frm_Ovu.php on line 1
[10-May-2019 07:25:55 UTC] PHP Notice:  Undefined index: id in C:\xampp\htdocs\hmc_proj\wp-content\themes\eightmedi-lite\external\multistep\Q2\Frm_Ovu.php on line 206
[10-May-2019 07:25:55 UTC] PHP Notice:  Undefined offset: 0 in C:\xampp\htdocs\hmc_proj\wp-content\themes\eightmedi-lite\external\multistep\Q2\Frm_Ovu.php on line 212
[10-May-2019 07:25:55 UTC] PHP Notice:  Trying to get property 'hc_id' of non-object in C:\xampp\htdocs\hmc_proj\wp-content\themes\eightmedi-lite\external\multistep\Q2\Frm_Ovu.php on line 212
[10-May-2019 07:25:57 UTC] PHP Notice:  session_start(): A session had already been started - ignoring in C:\xampp\htdocs\hmc_proj\wp-content\themes\eightmedi-lite\header.php on line 9
[10-May-2019 07:25:57 UTC] PHP Notice:  Undefined index: logout in C:\xampp\htdocs\hmc_proj\wp-content\themes\eightmedi-lite\header.php on line 50
[10-May-2019 07:25:57 UTC] PHP Notice:  Undefined index: username in C:\xampp\htdocs\hmc_proj\wp-content\themes\eightmedi-lite\header.php on line 80
[10-May-2019 07:25:57 UTC] PHP Notice:  Undefined index: fullname in C:\xampp\htdocs\hmc_proj\wp-content\themes\eightmedi-lite\header.php on line 81
[10-May-2019 07:26:12 UTC] PHP Notice:  session_start(): A session had already been started - ignoring in C:\xampp\htdocs\hmc_proj\wp-content\themes\eightmedi-lite\page.php on line 2
[10-May-2019 07:26:12 UTC] PHP Notice:  session_start(): A session had already been started - ignoring in C:\xampp\htdocs\hmc_proj\wp-content\themes\eightmedi-lite\header.php on line 9
[10-May-2019 07:26:12 UTC] PHP Notice:  Undefined index: logout in C:\xampp\htdocs\hmc_proj\wp-content\themes\eightmedi-lite\header.php on line 50
[10-May-2019 07:26:12 UTC] PHP Notice:  Undefined index: username in C:\xampp\htdocs\hmc_proj\wp-content\themes\eightmedi-lite\header.php on line 80
[10-May-2019 07:26:12 UTC] PHP Notice:  Undefined index: fullname in C:\xampp\htdocs\hmc_proj\wp-content\themes\eightmedi-lite\header.php on line 81
[10-May-2019 07:26:29 UTC] PHP Notice:  session_start(): A session had already been started - ignoring in C:\xampp\htdocs\hmc_proj\wp-content\themes\eightmedi-lite\page.php on line 2
[10-May-2019 07:26:29 UTC] PHP Notice:  session_start(): A session had already been started - ignoring in C:\xampp\htdocs\hmc_proj\wp-content\themes\eightmedi-lite\header.php on line 9
[10-May-2019 07:26:29 UTC] PHP Notice:  Undefined index: logout in C:\xampp\htdocs\hmc_proj\wp-content\themes\eightmedi-lite\header.php on line 50
[10-May-2019 07:26:29 UTC] PHP Notice:  Undefined index: username in C:\xampp\htdocs\hmc_proj\wp-content\themes\eightmedi-lite\header.php on line 80
[10-May-2019 07:26:29 UTC] PHP Notice:  Undefined index: fullname in C:\xampp\htdocs\hmc_proj\wp-content\themes\eightmedi-lite\header.php on line 81
[10-May-2019 07:26:29 UTC] PHP Notice:  session_start(): A session had already been started - ignoring in C:\xampp\htdocs\hmc_proj\wp-content\themes\eightmedi-lite\external\multistep\Q1\Frm_Question1.php on line 2
[10-May-2019 07:26:31 UTC] PHP Notice:  session_start(): A session had already been started - ignoring in C:\xampp\htdocs\hmc_proj\wp-content\themes\eightmedi-lite\header.php on line 9
[10-May-2019 07:26:31 UTC] PHP Notice:  Undefined index: logout in C:\xampp\htdocs\hmc_proj\wp-content\themes\eightmedi-lite\header.php on line 50
[10-May-2019 07:26:31 UTC] PHP Notice:  Undefined index: username in C:\xampp\htdocs\hmc_proj\wp-content\themes\eightmedi-lite\header.php on line 80
[10-May-2019 07:26:31 UTC] PHP Notice:  Undefined index: fullname in C:\xampp\htdocs\hmc_proj\wp-content\themes\eightmedi-lite\header.php on line 81
[10-May-2019 07:26:39 UTC] PHP Notice:  session_start(): A session had already been started - ignoring in C:\xampp\htdocs\hmc_proj\wp-content\themes\eightmedi-lite\header.php on line 9
[10-May-2019 07:26:39 UTC] PHP Notice:  Undefined index: logout in C:\xampp\htdocs\hmc_proj\wp-content\themes\eightmedi-lite\header.php on line 50
[10-May-2019 07:26:39 UTC] PHP Notice:  Undefined index: username in C:\xampp\htdocs\hmc_proj\wp-content\themes\eightmedi-lite\header.php on line 80
[10-May-2019 07:26:39 UTC] PHP Notice:  Undefined index: fullname in C:\xampp\htdocs\hmc_proj\wp-content\themes\eightmedi-lite\header.php on line 81
[10-May-2019 07:28:48 UTC] PHP Notice:  session_start(): A session had already been started - ignoring in C:\xampp\htdocs\hmc_proj\wp-content\themes\eightmedi-lite\page.php on line 2
[10-May-2019 07:28:48 UTC] PHP Notice:  session_start(): A session had already been started - ignoring in C:\xampp\htdocs\hmc_proj\wp-content\themes\eightmedi-lite\header.php on line 9
[10-May-2019 07:28:48 UTC] PHP Notice:  Undefined index: logout in C:\xampp\htdocs\hmc_proj\wp-content\themes\eightmedi-lite\header.php on line 50
[10-May-2019 07:28:48 UTC] PHP Notice:  Undefined index: username in C:\xampp\htdocs\hmc_proj\wp-content\themes\eightmedi-lite\header.php on line 80
[10-May-2019 07:28:48 UTC] PHP Notice:  Undefined index: fullname in C:\xampp\htdocs\hmc_proj\wp-content\themes\eightmedi-lite\header.php on line 81
[10-May-2019 07:28:48 UTC] PHP Notice:  Undefined index: onsubmit in C:\xampp\htdocs\hmc_proj\wp-content\themes\eightmedi-lite\external\login\login.php on line 68
[10-May-2019 07:28:48 UTC] PHP Notice:  Undefined index: txt_email in C:\xampp\htdocs\hmc_proj\wp-content\themes\eightmedi-lite\external\login\login.php on line 69
[10-May-2019 07:28:48 UTC] PHP Notice:  Undefined index: txt_pwd in C:\xampp\htdocs\hmc_proj\wp-content\themes\eightmedi-lite\external\login\login.php on line 70
[10-May-2019 07:28:48 UTC] PHP Notice:  Undefined index: prev_page in C:\xampp\htdocs\hmc_proj\wp-content\themes\eightmedi-lite\external\login\login.php on line 71
[10-May-2019 07:30:07 UTC] PHP Notice:  session_start(): A session had already been started - ignoring in C:\xampp\htdocs\hmc_proj\wp-content\themes\eightmedi-lite\page.php on line 2
[10-May-2019 07:30:07 UTC] PHP Notice:  session_start(): A session had already been started - ignoring in C:\xampp\htdocs\hmc_proj\wp-content\themes\eightmedi-lite\header.php on line 9
[10-May-2019 07:30:07 UTC] PHP Notice:  Undefined index: logout in C:\xampp\htdocs\hmc_proj\wp-content\themes\eightmedi-lite\header.php on line 50
[10-May-2019 07:30:07 UTC] PHP Notice:  Undefined index: username in C:\xampp\htdocs\hmc_proj\wp-content\themes\eightmedi-lite\header.php on line 80
[10-May-2019 07:30:07 UTC] PHP Notice:  Undefined index: fullname in C:\xampp\htdocs\hmc_proj\wp-content\themes\eightmedi-lite\header.php on line 81
[10-May-2019 07:30:09 UTC] PHP Notice:  session_start(): A session had already been started - ignoring in C:\xampp\htdocs\hmc_proj\wp-content\themes\eightmedi-lite\page.php on line 2
[10-May-2019 07:30:09 UTC] PHP Notice:  session_start(): A session had already been started - ignoring in C:\xampp\htdocs\hmc_proj\wp-content\themes\eightmedi-lite\header.php on line 9
[10-May-2019 07:30:09 UTC] PHP Notice:  Undefined index: logout in C:\xampp\htdocs\hmc_proj\wp-content\themes\eightmedi-lite\header.php on line 50
[10-May-2019 07:30:23 UTC] PHP Notice:  session_start(): A session had already been started - ignoring in C:\xampp\htdocs\hmc_proj\wp-content\themes\eightmedi-lite\page.php on line 2
[10-May-2019 07:30:23 UTC] PHP Notice:  session_start(): A session had already been started - ignoring in C:\xampp\htdocs\hmc_proj\wp-content\themes\eightmedi-lite\header.php on line 9
[10-May-2019 07:30:23 UTC] PHP Notice:  Undefined index: logout in C:\xampp\htdocs\hmc_proj\wp-content\themes\eightmedi-lite\header.php on line 50
[10-May-2019 07:30:23 UTC] PHP Notice:  session_start(): A session had already been started - ignoring in C:\xampp\htdocs\hmc_proj\wp-content\themes\eightmedi-lite\external\multistep\Q2\Frm_Ovu.php on line 1
[10-May-2019 07:30:23 UTC] PHP Notice:  Undefined offset: 0 in C:\xampp\htdocs\hmc_proj\wp-content\themes\eightmedi-lite\external\multistep\Q2\Frm_Ovu.php on line 213
[10-May-2019 07:30:23 UTC] PHP Notice:  Trying to get property 'hc_id' of non-object in C:\xampp\htdocs\hmc_proj\wp-content\themes\eightmedi-lite\external\multistep\Q2\Frm_Ovu.php on line 213
[10-May-2019 07:31:02 UTC] PHP Notice:  session_start(): A session had already been started - ignoring in C:\xampp\htdocs\hmc_proj\wp-content\themes\eightmedi-lite\page.php on line 2
[10-May-2019 07:31:02 UTC] PHP Notice:  session_start(): A session had already been started - ignoring in C:\xampp\htdocs\hmc_proj\wp-content\themes\eightmedi-lite\header.php on line 9
[10-May-2019 07:31:02 UTC] PHP Notice:  Undefined index: logout in C:\xampp\htdocs\hmc_proj\wp-content\themes\eightmedi-lite\header.php on line 50
[10-May-2019 07:31:02 UTC] PHP Notice:  session_start(): A session had already been started - ignoring in C:\xampp\htdocs\hmc_proj\wp-content\themes\eightmedi-lite\external\multistep\Q2\Frm_Ovu.php on line 1
[10-May-2019 07:31:02 UTC] PHP Notice:  Undefined offset: 0 in C:\xampp\htdocs\hmc_proj\wp-content\themes\eightmedi-lite\external\multistep\Q2\Frm_Ovu.php on line 214
[10-May-2019 07:31:02 UTC] PHP Notice:  Trying to get property 'hc_id' of non-object in C:\xampp\htdocs\hmc_proj\wp-content\themes\eightmedi-lite\external\multistep\Q2\Frm_Ovu.php on line 214
[10-May-2019 07:31:33 UTC] PHP Notice:  session_start(): A session had already been started - ignoring in C:\xampp\htdocs\hmc_proj\wp-content\themes\eightmedi-lite\page.php on line 2
[10-May-2019 07:31:33 UTC] PHP Notice:  session_start(): A session had already been started - ignoring in C:\xampp\htdocs\hmc_proj\wp-content\themes\eightmedi-lite\header.php on line 9
[10-May-2019 07:31:33 UTC] PHP Notice:  Undefined index: logout in C:\xampp\htdocs\hmc_proj\wp-content\themes\eightmedi-lite\header.php on line 50
[10-May-2019 07:31:34 UTC] PHP Notice:  session_start(): A session had already been started - ignoring in C:\xampp\htdocs\hmc_proj\wp-content\themes\eightmedi-lite\external\multistep\Q2\Frm_Ovu.php on line 1
[10-May-2019 07:32:29 UTC] PHP Notice:  session_start(): A session had already been started - ignoring in C:\xampp\htdocs\hmc_proj\wp-content\themes\eightmedi-lite\page.php on line 2
[10-May-2019 07:32:29 UTC] PHP Notice:  session_start(): A session had already been started - ignoring in C:\xampp\htdocs\hmc_proj\wp-content\themes\eightmedi-lite\header.php on line 9
[10-May-2019 07:32:29 UTC] PHP Notice:  Undefined index: logout in C:\xampp\htdocs\hmc_proj\wp-content\themes\eightmedi-lite\header.php on line 50
[10-May-2019 07:32:30 UTC] PHP Notice:  session_start(): A session had already been started - ignoring in C:\xampp\htdocs\hmc_proj\wp-content\themes\eightmedi-lite\external\multistep\Q2\Frm_Ovu.php on line 1
[10-May-2019 07:32:30 UTC] PHP Notice:  Undefined offset: 0 in C:\xampp\htdocs\hmc_proj\wp-content\themes\eightmedi-lite\external\multistep\Q2\Frm_Ovu.php on line 213
[10-May-2019 07:32:30 UTC] PHP Notice:  Trying to get property 'hc_id' of non-object in C:\xampp\htdocs\hmc_proj\wp-content\themes\eightmedi-lite\external\multistep\Q2\Frm_Ovu.php on line 213
[10-May-2019 07:32:39 UTC] PHP Notice:  session_start(): A session had already been started - ignoring in C:\xampp\htdocs\hmc_proj\wp-content\themes\eightmedi-lite\page.php on line 2
[10-May-2019 07:32:39 UTC] PHP Notice:  session_start(): A session had already been started - ignoring in C:\xampp\htdocs\hmc_proj\wp-content\themes\eightmedi-lite\header.php on line 9
[10-May-2019 07:32:39 UTC] PHP Notice:  Undefined index: logout in C:\xampp\htdocs\hmc_proj\wp-content\themes\eightmedi-lite\header.php on line 50
[10-May-2019 07:32:39 UTC] PHP Notice:  session_start(): A session had already been started - ignoring in C:\xampp\htdocs\hmc_proj\wp-content\themes\eightmedi-lite\external\multistep\Q2\Frm_Result_Ovu.php on line 1
[10-May-2019 07:32:53 UTC] PHP Notice:  session_start(): A session had already been started - ignoring in C:\xampp\htdocs\hmc_proj\wp-content\themes\eightmedi-lite\page.php on line 2
[10-May-2019 07:32:53 UTC] PHP Notice:  session_start(): A session had already been started - ignoring in C:\xampp\htdocs\hmc_proj\wp-content\themes\eightmedi-lite\header.php on line 9
[10-May-2019 07:32:53 UTC] PHP Notice:  Undefined index: logout in C:\xampp\htdocs\hmc_proj\wp-content\themes\eightmedi-lite\header.php on line 50
[10-May-2019 07:33:04 UTC] PHP Notice:  session_start(): A session had already been started - ignoring in C:\xampp\htdocs\hmc_proj\wp-content\themes\eightmedi-lite\page.php on line 2
[10-May-2019 07:33:04 UTC] PHP Notice:  session_start(): A session had already been started - ignoring in C:\xampp\htdocs\hmc_proj\wp-content\themes\eightmedi-lite\header.php on line 9
[10-May-2019 07:33:04 UTC] PHP Notice:  Undefined index: logout in C:\xampp\htdocs\hmc_proj\wp-content\themes\eightmedi-lite\header.php on line 50
[10-May-2019 07:33:04 UTC] PHP Notice:  session_start(): A session had already been started - ignoring in C:\xampp\htdocs\hmc_proj\wp-content\themes\eightmedi-lite\external\multistep\Q2\Frm_Ovu.php on line 1
[10-May-2019 07:39:41 UTC] PHP Notice:  session_start(): A session had already been started - ignoring in C:\xampp\htdocs\hmc_proj\wp-content\themes\eightmedi-lite\page.php on line 2
[10-May-2019 07:39:41 UTC] PHP Notice:  session_start(): A session had already been started - ignoring in C:\xampp\htdocs\hmc_proj\wp-content\themes\eightmedi-lite\header.php on line 9
[10-May-2019 07:39:41 UTC] PHP Notice:  Undefined index: logout in C:\xampp\htdocs\hmc_proj\wp-content\themes\eightmedi-lite\header.php on line 50
[10-May-2019 07:49:38 UTC] PHP Notice:  session_start(): A session had already been started - ignoring in C:\xampp\htdocs\hmc_proj\wp-content\themes\eightmedi-lite\page.php on line 2
[10-May-2019 07:49:38 UTC] PHP Notice:  session_start(): A session had already been started - ignoring in C:\xampp\htdocs\hmc_proj\wp-content\themes\eightmedi-lite\header.php on line 9
[10-May-2019 07:49:39 UTC] PHP Notice:  Undefined index: username in C:\xampp\htdocs\hmc_proj\wp-content\themes\eightmedi-lite\header.php on line 80
[10-May-2019 07:49:39 UTC] PHP Notice:  Undefined index: fullname in C:\xampp\htdocs\hmc_proj\wp-content\themes\eightmedi-lite\header.php on line 81
[10-May-2019 08:05:12 UTC] PHP Notice:  session_start(): A session had already been started - ignoring in C:\xampp\htdocs\hmc_proj\wp-content\themes\eightmedi-lite\page.php on line 2
[10-May-2019 08:05:12 UTC] PHP Notice:  session_start(): A session had already been started - ignoring in C:\xampp\htdocs\hmc_proj\wp-content\themes\eightmedi-lite\header.php on line 9
[10-May-2019 08:05:12 UTC] PHP Notice:  Undefined index: logout in C:\xampp\htdocs\hmc_proj\wp-content\themes\eightmedi-lite\header.php on line 50
[10-May-2019 08:05:12 UTC] PHP Notice:  Undefined index: username in C:\xampp\htdocs\hmc_proj\wp-content\themes\eightmedi-lite\header.php on line 80
[10-May-2019 08:05:12 UTC] PHP Notice:  Undefined index: fullname in C:\xampp\htdocs\hmc_proj\wp-content\themes\eightmedi-lite\header.php on line 81
[10-May-2019 08:05:12 UTC] PHP Notice:  session_start(): A session had already been started - ignoring in C:\xampp\htdocs\hmc_proj\wp-content\themes\eightmedi-lite\external\multistep\Q2\Frm_Ovu.php on line 1
[10-May-2019 08:05:12 UTC] PHP Notice:  Undefined index: id in C:\xampp\htdocs\hmc_proj\wp-content\themes\eightmedi-lite\external\multistep\Q2\Frm_Ovu.php on line 207
[10-May-2019 08:05:12 UTC] PHP Notice:  Undefined offset: 0 in C:\xampp\htdocs\hmc_proj\wp-content\themes\eightmedi-lite\external\multistep\Q2\Frm_Ovu.php on line 213
[10-May-2019 08:05:12 UTC] PHP Notice:  Trying to get property 'hc_id' of non-object in C:\xampp\htdocs\hmc_proj\wp-content\themes\eightmedi-lite\external\multistep\Q2\Frm_Ovu.php on line 213
[10-May-2019 08:05:14 UTC] PHP Notice:  session_start(): A session had already been started - ignoring in C:\xampp\htdocs\hmc_proj\wp-content\themes\eightmedi-lite\header.php on line 9
[10-May-2019 08:05:14 UTC] PHP Notice:  Undefined index: logout in C:\xampp\htdocs\hmc_proj\wp-content\themes\eightmedi-lite\header.php on line 50
[10-May-2019 08:05:14 UTC] PHP Notice:  Undefined index: username in C:\xampp\htdocs\hmc_proj\wp-content\themes\eightmedi-lite\header.php on line 80
[10-May-2019 08:05:14 UTC] PHP Notice:  Undefined index: fullname in C:\xampp\htdocs\hmc_proj\wp-content\themes\eightmedi-lite\header.php on line 81
[10-May-2019 08:09:52 UTC] PHP Notice:  session_start(): A session had already been started - ignoring in C:\xampp\htdocs\hmc_proj\wp-content\themes\eightmedi-lite\header.php on line 9
[10-May-2019 08:09:52 UTC] PHP Notice:  Undefined index: logout in C:\xampp\htdocs\hmc_proj\wp-content\themes\eightmedi-lite\header.php on line 50
[10-May-2019 08:09:53 UTC] PHP Notice:  Undefined index: username in C:\xampp\htdocs\hmc_proj\wp-content\themes\eightmedi-lite\header.php on line 80
[10-May-2019 08:09:53 UTC] PHP Notice:  Undefined index: fullname in C:\xampp\htdocs\hmc_proj\wp-content\themes\eightmedi-lite\header.php on line 81
[10-May-2019 08:52:34 UTC] PHP Notice:  session_start(): A session had already been started - ignoring in C:\xampp\htdocs\hmc_proj\wp-content\themes\eightmedi-lite\page.php on line 2
[10-May-2019 08:52:34 UTC] PHP Notice:  session_start(): A session had already been started - ignoring in C:\xampp\htdocs\hmc_proj\wp-content\themes\eightmedi-lite\header.php on line 9
[10-May-2019 08:52:34 UTC] PHP Notice:  Undefined index: logout in C:\xampp\htdocs\hmc_proj\wp-content\themes\eightmedi-lite\header.php on line 50
[10-May-2019 08:52:35 UTC] PHP Notice:  Undefined index: username in C:\xampp\htdocs\hmc_proj\wp-content\themes\eightmedi-lite\header.php on line 80
[10-May-2019 08:52:35 UTC] PHP Notice:  Undefined index: fullname in C:\xampp\htdocs\hmc_proj\wp-content\themes\eightmedi-lite\header.php on line 81
[21-May-2019 07:39:41 UTC] PHP Notice:  session_start(): A session had already been started - ignoring in C:\xampp\htdocs\hmc_proj\wp-content\themes\eightmedi-lite\page.php on line 2
[21-May-2019 07:39:41 UTC] PHP Notice:  session_start(): A session had already been started - ignoring in C:\xampp\htdocs\hmc_proj\wp-content\themes\eightmedi-lite\header.php on line 9
[21-May-2019 07:39:41 UTC] PHP Notice:  Undefined index: logout in C:\xampp\htdocs\hmc_proj\wp-content\themes\eightmedi-lite\header.php on line 50
[21-May-2019 07:39:45 UTC] PHP Notice:  Undefined index: username in C:\xampp\htdocs\hmc_proj\wp-content\themes\eightmedi-lite\header.php on line 80
[21-May-2019 07:39:45 UTC] PHP Notice:  Undefined index: fullname in C:\xampp\htdocs\hmc_proj\wp-content\themes\eightmedi-lite\header.php on line 81
[21-May-2019 07:41:34 UTC] PHP Notice:  session_start(): A session had already been started - ignoring in C:\xampp\htdocs\hmc_proj\wp-content\themes\eightmedi-lite\page.php on line 2
[21-May-2019 07:41:34 UTC] PHP Notice:  session_start(): A session had already been started - ignoring in C:\xampp\htdocs\hmc_proj\wp-content\themes\eightmedi-lite\header.php on line 9
[21-May-2019 07:41:34 UTC] PHP Notice:  Undefined index: logout in C:\xampp\htdocs\hmc_proj\wp-content\themes\eightmedi-lite\header.php on line 50
[21-May-2019 07:41:34 UTC] PHP Notice:  Undefined index: username in C:\xampp\htdocs\hmc_proj\wp-content\themes\eightmedi-lite\header.php on line 80
[21-May-2019 07:41:34 UTC] PHP Notice:  Undefined index: fullname in C:\xampp\htdocs\hmc_proj\wp-content\themes\eightmedi-lite\header.php on line 81
[22-May-2019 03:01:23 UTC] PHP Notice:  session_start(): A session had already been started - ignoring in C:\xampp\htdocs\hmc_proj\wp-content\themes\eightmedi-lite\page.php on line 2
[22-May-2019 03:01:23 UTC] PHP Notice:  session_start(): A session had already been started - ignoring in C:\xampp\htdocs\hmc_proj\wp-content\themes\eightmedi-lite\header.php on line 9
[22-May-2019 03:01:23 UTC] PHP Notice:  Undefined index: logout in C:\xampp\htdocs\hmc_proj\wp-content\themes\eightmedi-lite\header.php on line 50
[22-May-2019 03:01:32 UTC] PHP Notice:  Undefined index: username in C:\xampp\htdocs\hmc_proj\wp-content\themes\eightmedi-lite\header.php on line 80
[22-May-2019 03:01:32 UTC] PHP Notice:  Undefined index: fullname in C:\xampp\htdocs\hmc_proj\wp-content\themes\eightmedi-lite\header.php on line 81
[22-May-2019 03:01:36 UTC] PHP Warning:  มีความผิดพลาดที่ไม่คาดคิดเกิดขึ้น  สิ่งเหล่านี้อาจเกิดจากความผิดพลาดของ WordPress.org เองหรือการตั้งค่าเซิร์ฟเวอร์นี้  ถ้าคุณยังมีปัญหาอยู่  โปรดลองใช้ <a href="https://wordpress.org/support/">ฟอรั่มสนับสนุน</a> (เวิร์ดเพรส ไม่สามารถสร้างการเชื่อมต่อที่ปลอดภัยไปยัง WordPress.org กรุณาติดต่อผู้ควบคุมเซิร์ฟเวอร์ขอคุณ) in C:\xampp\htdocs\hmc_proj\wp-admin\includes\translation-install.php on line 65
[23-May-2019 05:49:45 UTC] PHP Notice:  session_start(): A session had already been started - ignoring in C:\xampp\htdocs\hmc_proj\wp-content\themes\eightmedi-lite\page.php on line 2
[23-May-2019 05:49:45 UTC] PHP Notice:  session_start(): A session had already been started - ignoring in C:\xampp\htdocs\hmc_proj\wp-content\themes\eightmedi-lite\header.php on line 9
[23-May-2019 05:49:45 UTC] PHP Notice:  Undefined index: logout in C:\xampp\htdocs\hmc_proj\wp-content\themes\eightmedi-lite\header.php on line 50
[23-May-2019 05:49:48 UTC] PHP Notice:  Undefined index: username in C:\xampp\htdocs\hmc_proj\wp-content\themes\eightmedi-lite\header.php on line 80
[23-May-2019 05:49:48 UTC] PHP Notice:  Undefined index: fullname in C:\xampp\htdocs\hmc_proj\wp-content\themes\eightmedi-lite\header.php on line 81
[23-May-2019 05:50:05 UTC] PHP Notice:  session_start(): A session had already been started - ignoring in C:\xampp\htdocs\hmc_proj\wp-content\themes\eightmedi-lite\page.php on line 2
[23-May-2019 05:50:05 UTC] PHP Notice:  session_start(): A session had already been started - ignoring in C:\xampp\htdocs\hmc_proj\wp-content\themes\eightmedi-lite\header.php on line 9
[23-May-2019 05:50:05 UTC] PHP Notice:  Undefined index: logout in C:\xampp\htdocs\hmc_proj\wp-content\themes\eightmedi-lite\header.php on line 50
[23-May-2019 05:50:05 UTC] PHP Notice:  Undefined index: username in C:\xampp\htdocs\hmc_proj\wp-content\themes\eightmedi-lite\header.php on line 80
[23-May-2019 05:50:05 UTC] PHP Notice:  Undefined index: fullname in C:\xampp\htdocs\hmc_proj\wp-content\themes\eightmedi-lite\header.php on line 81
[23-May-2019 05:50:05 UTC] PHP Notice:  session_start(): A session had already been started - ignoring in C:\xampp\htdocs\hmc_proj\wp-content\themes\eightmedi-lite\external\multistep\Q2\Frm_Ovu.php on line 1
[23-May-2019 05:50:05 UTC] PHP Notice:  Undefined index: id in C:\xampp\htdocs\hmc_proj\wp-content\themes\eightmedi-lite\external\multistep\Q2\Frm_Ovu.php on line 207
[23-May-2019 05:50:05 UTC] PHP Notice:  Undefined offset: 0 in C:\xampp\htdocs\hmc_proj\wp-content\themes\eightmedi-lite\external\multistep\Q2\Frm_Ovu.php on line 213
[23-May-2019 05:50:05 UTC] PHP Notice:  Trying to get property 'hc_id' of non-object in C:\xampp\htdocs\hmc_proj\wp-content\themes\eightmedi-lite\external\multistep\Q2\Frm_Ovu.php on line 213
[23-May-2019 05:50:07 UTC] PHP Notice:  session_start(): A session had already been started - ignoring in C:\xampp\htdocs\hmc_proj\wp-content\themes\eightmedi-lite\header.php on line 9
[23-May-2019 05:50:07 UTC] PHP Notice:  Undefined index: logout in C:\xampp\htdocs\hmc_proj\wp-content\themes\eightmedi-lite\header.php on line 50
[23-May-2019 05:50:07 UTC] PHP Notice:  Undefined index: username in C:\xampp\htdocs\hmc_proj\wp-content\themes\eightmedi-lite\header.php on line 80
[23-May-2019 05:50:07 UTC] PHP Notice:  Undefined index: fullname in C:\xampp\htdocs\hmc_proj\wp-content\themes\eightmedi-lite\header.php on line 81
[23-May-2019 05:54:55 UTC] PHP Notice:  session_start(): A session had already been started - ignoring in C:\xampp\htdocs\hmc_proj\wp-content\themes\eightmedi-lite\page.php on line 2
[23-May-2019 05:54:55 UTC] PHP Notice:  session_start(): A session had already been started - ignoring in C:\xampp\htdocs\hmc_proj\wp-content\themes\eightmedi-lite\header.php on line 9
[23-May-2019 05:54:55 UTC] PHP Notice:  Undefined index: logout in C:\xampp\htdocs\hmc_proj\wp-content\themes\eightmedi-lite\header.php on line 50
[23-May-2019 05:54:57 UTC] PHP Notice:  Undefined index: username in C:\xampp\htdocs\hmc_proj\wp-content\themes\eightmedi-lite\header.php on line 80
[23-May-2019 05:54:57 UTC] PHP Notice:  Undefined index: fullname in C:\xampp\htdocs\hmc_proj\wp-content\themes\eightmedi-lite\header.php on line 81
[23-May-2019 06:03:00 UTC] PHP Notice:  session_start(): A session had already been started - ignoring in C:\xampp\htdocs\hmc_proj\wp-content\themes\eightmedi-lite\page.php on line 2
[23-May-2019 06:03:00 UTC] PHP Notice:  session_start(): A session had already been started - ignoring in C:\xampp\htdocs\hmc_proj\wp-content\themes\eightmedi-lite\header.php on line 9
[23-May-2019 06:03:00 UTC] PHP Notice:  Undefined index: logout in C:\xampp\htdocs\hmc_proj\wp-content\themes\eightmedi-lite\header.php on line 50
[23-May-2019 06:03:00 UTC] PHP Notice:  Undefined index: username in C:\xampp\htdocs\hmc_proj\wp-content\themes\eightmedi-lite\header.php on line 80
[23-May-2019 06:03:00 UTC] PHP Notice:  Undefined index: fullname in C:\xampp\htdocs\hmc_proj\wp-content\themes\eightmedi-lite\header.php on line 81
[23-May-2019 06:03:00 UTC] PHP Notice:  session_start(): A session had already been started - ignoring in C:\xampp\htdocs\hmc_proj\wp-content\themes\eightmedi-lite\external\multistep\Q1\Frm_Question1.php on line 2
[23-May-2019 06:03:05 UTC] PHP Notice:  session_start(): A session had already been started - ignoring in C:\xampp\htdocs\hmc_proj\wp-content\themes\eightmedi-lite\header.php on line 9
[23-May-2019 06:03:05 UTC] PHP Notice:  Undefined index: logout in C:\xampp\htdocs\hmc_proj\wp-content\themes\eightmedi-lite\header.php on line 50
[23-May-2019 06:03:05 UTC] PHP Notice:  Undefined index: username in C:\xampp\htdocs\hmc_proj\wp-content\themes\eightmedi-lite\header.php on line 80
[23-May-2019 06:03:05 UTC] PHP Notice:  Undefined index: fullname in C:\xampp\htdocs\hmc_proj\wp-content\themes\eightmedi-lite\header.php on line 81
[23-May-2019 06:12:32 UTC] PHP Notice:  session_start(): A session had already been started - ignoring in C:\xampp\htdocs\hmc_proj\wp-content\themes\eightmedi-lite\page.php on line 2
[23-May-2019 06:12:32 UTC] PHP Notice:  session_start(): A session had already been started - ignoring in C:\xampp\htdocs\hmc_proj\wp-content\themes\eightmedi-lite\header.php on line 9
[23-May-2019 06:12:32 UTC] PHP Notice:  Undefined index: logout in C:\xampp\htdocs\hmc_proj\wp-content\themes\eightmedi-lite\header.php on line 50
[23-May-2019 06:12:32 UTC] PHP Notice:  Undefined index: username in C:\xampp\htdocs\hmc_proj\wp-content\themes\eightmedi-lite\header.php on line 80
[23-May-2019 06:12:32 UTC] PHP Notice:  Undefined index: fullname in C:\xampp\htdocs\hmc_proj\wp-content\themes\eightmedi-lite\header.php on line 81
[23-May-2019 06:12:33 UTC] PHP Notice:  Undefined index: onsubmit in C:\xampp\htdocs\hmc_proj\wp-content\themes\eightmedi-lite\external\login\login.php on line 68
[23-May-2019 06:12:33 UTC] PHP Notice:  Undefined index: txt_email in C:\xampp\htdocs\hmc_proj\wp-content\themes\eightmedi-lite\external\login\login.php on line 69
[23-May-2019 06:12:33 UTC] PHP Notice:  Undefined index: txt_pwd in C:\xampp\htdocs\hmc_proj\wp-content\themes\eightmedi-lite\external\login\login.php on line 70
[23-May-2019 06:12:33 UTC] PHP Notice:  Undefined index: prev_page in C:\xampp\htdocs\hmc_proj\wp-content\themes\eightmedi-lite\external\login\login.php on line 71
[23-May-2019 06:12:49 UTC] PHP Notice:  Undefined index: hook_suffix in C:\xampp\htdocs\hmc_proj\wp-admin\includes\class-wp-screen.php on line 213
[23-May-2019 06:15:33 UTC] PHP Notice:  Undefined index: hook_suffix in C:\xampp\htdocs\hmc_proj\wp-admin\includes\class-wp-screen.php on line 213
[23-May-2019 06:16:41 UTC] PHP Notice:  Undefined index: hook_suffix in C:\xampp\htdocs\hmc_proj\wp-admin\includes\class-wp-screen.php on line 213
[23-May-2019 06:17:12 UTC] PHP Notice:  Undefined index: hook_suffix in C:\xampp\htdocs\hmc_proj\wp-admin\includes\class-wp-screen.php on line 213
[23-May-2019 06:17:40 UTC] PHP Notice:  session_start(): A session had already been started - ignoring in C:\xampp\htdocs\hmc_proj\wp-content\themes\eightmedi-lite\page.php on line 2
[23-May-2019 06:17:40 UTC] PHP Notice:  session_start(): A session had already been started - ignoring in C:\xampp\htdocs\hmc_proj\wp-content\themes\eightmedi-lite\header.php on line 9
[23-May-2019 06:17:40 UTC] PHP Notice:  Undefined index: logout in C:\xampp\htdocs\hmc_proj\wp-content\themes\eightmedi-lite\header.php on line 50
[23-May-2019 06:17:40 UTC] PHP Notice:  Undefined index: username in C:\xampp\htdocs\hmc_proj\wp-content\themes\eightmedi-lite\header.php on line 80
[23-May-2019 06:17:40 UTC] PHP Notice:  Undefined index: fullname in C:\xampp\htdocs\hmc_proj\wp-content\themes\eightmedi-lite\header.php on line 81
[23-May-2019 06:31:02 UTC] PHP Notice:  session_start(): A session had already been started - ignoring in C:\xampp\htdocs\hmc_proj\wp-content\themes\eightmedi-lite\page.php on line 2
[23-May-2019 06:31:02 UTC] PHP Notice:  session_start(): A session had already been started - ignoring in C:\xampp\htdocs\hmc_proj\wp-content\themes\eightmedi-lite\header.php on line 9
[23-May-2019 06:31:02 UTC] PHP Notice:  Undefined index: logout in C:\xampp\htdocs\hmc_proj\wp-content\themes\eightmedi-lite\header.php on line 50
[23-May-2019 06:31:03 UTC] PHP Notice:  Undefined index: username in C:\xampp\htdocs\hmc_proj\wp-content\themes\eightmedi-lite\header.php on line 80
[23-May-2019 06:31:03 UTC] PHP Notice:  Undefined index: fullname in C:\xampp\htdocs\hmc_proj\wp-content\themes\eightmedi-lite\header.php on line 81
[23-May-2019 06:37:38 UTC] PHP Notice:  session_start(): A session had already been started - ignoring in C:\xampp\htdocs\hmc_proj\wp-content\themes\eightmedi-lite\page.php on line 2
[23-May-2019 06:37:38 UTC] PHP Notice:  session_start(): A session had already been started - ignoring in C:\xampp\htdocs\hmc_proj\wp-content\themes\eightmedi-lite\header.php on line 9
[23-May-2019 06:37:38 UTC] PHP Notice:  Undefined index: logout in C:\xampp\htdocs\hmc_proj\wp-content\themes\eightmedi-lite\header.php on line 50
[23-May-2019 06:37:39 UTC] PHP Notice:  Undefined index: username in C:\xampp\htdocs\hmc_proj\wp-content\themes\eightmedi-lite\header.php on line 80
[23-May-2019 06:37:39 UTC] PHP Notice:  Undefined index: fullname in C:\xampp\htdocs\hmc_proj\wp-content\themes\eightmedi-lite\header.php on line 81
[23-May-2019 06:40:07 UTC] PHP Notice:  session_start(): A session had already been started - ignoring in C:\xampp\htdocs\hmc_proj\wp-content\themes\eightmedi-lite\page.php on line 2
[23-May-2019 06:40:07 UTC] PHP Notice:  session_start(): A session had already been started - ignoring in C:\xampp\htdocs\hmc_proj\wp-content\themes\eightmedi-lite\header.php on line 9
[23-May-2019 06:40:07 UTC] PHP Notice:  Undefined index: logout in C:\xampp\htdocs\hmc_proj\wp-content\themes\eightmedi-lite\header.php on line 50
[23-May-2019 06:40:07 UTC] PHP Notice:  Undefined index: username in C:\xampp\htdocs\hmc_proj\wp-content\themes\eightmedi-lite\header.php on line 80
[23-May-2019 06:40:07 UTC] PHP Notice:  Undefined index: fullname in C:\xampp\htdocs\hmc_proj\wp-content\themes\eightmedi-lite\header.php on line 81
[23-May-2019 06:40:07 UTC] PHP Notice:  session_start(): A session had already been started - ignoring in C:\xampp\htdocs\hmc_proj\wp-content\themes\eightmedi-lite\external\multistep\Q1\Frm_Question1.php on line 2
[23-May-2019 06:40:11 UTC] PHP Notice:  session_start(): A session had already been started - ignoring in C:\xampp\htdocs\hmc_proj\wp-content\themes\eightmedi-lite\page.php on line 2
[23-May-2019 06:40:11 UTC] PHP Notice:  session_start(): A session had already been started - ignoring in C:\xampp\htdocs\hmc_proj\wp-content\themes\eightmedi-lite\header.php on line 9
[23-May-2019 06:40:11 UTC] PHP Notice:  Undefined index: logout in C:\xampp\htdocs\hmc_proj\wp-content\themes\eightmedi-lite\header.php on line 50
[23-May-2019 06:40:11 UTC] PHP Notice:  Undefined index: username in C:\xampp\htdocs\hmc_proj\wp-content\themes\eightmedi-lite\header.php on line 80
[23-May-2019 06:40:11 UTC] PHP Notice:  Undefined index: fullname in C:\xampp\htdocs\hmc_proj\wp-content\themes\eightmedi-lite\header.php on line 81
[23-May-2019 06:40:11 UTC] PHP Notice:  Undefined index: onsubmit in C:\xampp\htdocs\hmc_proj\wp-content\themes\eightmedi-lite\external\login\login.php on line 68
[23-May-2019 06:40:11 UTC] PHP Notice:  Undefined index: txt_email in C:\xampp\htdocs\hmc_proj\wp-content\themes\eightmedi-lite\external\login\login.php on line 69
[23-May-2019 06:40:11 UTC] PHP Notice:  Undefined index: txt_pwd in C:\xampp\htdocs\hmc_proj\wp-content\themes\eightmedi-lite\external\login\login.php on line 70
[23-May-2019 06:40:11 UTC] PHP Notice:  Undefined index: prev_page in C:\xampp\htdocs\hmc_proj\wp-content\themes\eightmedi-lite\external\login\login.php on line 71
[23-May-2019 06:40:40 UTC] PHP Notice:  session_start(): A session had already been started - ignoring in C:\xampp\htdocs\hmc_proj\wp-content\themes\eightmedi-lite\page.php on line 2
[23-May-2019 06:40:40 UTC] PHP Notice:  session_start(): A session had already been started - ignoring in C:\xampp\htdocs\hmc_proj\wp-content\themes\eightmedi-lite\header.php on line 9
[23-May-2019 06:40:40 UTC] PHP Notice:  Undefined index: logout in C:\xampp\htdocs\hmc_proj\wp-content\themes\eightmedi-lite\header.php on line 50
[23-May-2019 06:40:41 UTC] PHP Notice:  Undefined index: username in C:\xampp\htdocs\hmc_proj\wp-content\themes\eightmedi-lite\header.php on line 80
[23-May-2019 06:40:41 UTC] PHP Notice:  Undefined index: fullname in C:\xampp\htdocs\hmc_proj\wp-content\themes\eightmedi-lite\header.php on line 81
[23-May-2019 06:41:33 UTC] PHP Notice:  session_start(): A session had already been started - ignoring in C:\xampp\htdocs\hmc_proj\wp-content\themes\eightmedi-lite\page.php on line 2
[23-May-2019 06:41:33 UTC] PHP Notice:  session_start(): A session had already been started - ignoring in C:\xampp\htdocs\hmc_proj\wp-content\themes\eightmedi-lite\header.php on line 9
[23-May-2019 06:41:33 UTC] PHP Notice:  Undefined index: logout in C:\xampp\htdocs\hmc_proj\wp-content\themes\eightmedi-lite\header.php on line 50
[23-May-2019 06:41:33 UTC] PHP Notice:  Undefined index: username in C:\xampp\htdocs\hmc_proj\wp-content\themes\eightmedi-lite\header.php on line 80
[23-May-2019 06:41:33 UTC] PHP Notice:  Undefined index: fullname in C:\xampp\htdocs\hmc_proj\wp-content\themes\eightmedi-lite\header.php on line 81
[23-May-2019 06:41:33 UTC] PHP Notice:  session_start(): A session had already been started - ignoring in C:\xampp\htdocs\hmc_proj\wp-content\themes\eightmedi-lite\external\multistep\Q2\Frm_Ovu.php on line 1
[23-May-2019 06:41:33 UTC] PHP Notice:  Undefined index: id in C:\xampp\htdocs\hmc_proj\wp-content\themes\eightmedi-lite\external\multistep\Q2\Frm_Ovu.php on line 207
[23-May-2019 06:41:34 UTC] PHP Notice:  Undefined offset: 0 in C:\xampp\htdocs\hmc_proj\wp-content\themes\eightmedi-lite\external\multistep\Q2\Frm_Ovu.php on line 213
[23-May-2019 06:41:34 UTC] PHP Notice:  Trying to get property 'hc_id' of non-object in C:\xampp\htdocs\hmc_proj\wp-content\themes\eightmedi-lite\external\multistep\Q2\Frm_Ovu.php on line 213
[23-May-2019 06:41:36 UTC] PHP Notice:  session_start(): A session had already been started - ignoring in C:\xampp\htdocs\hmc_proj\wp-content\themes\eightmedi-lite\page.php on line 2
[23-May-2019 06:41:36 UTC] PHP Notice:  session_start(): A session had already been started - ignoring in C:\xampp\htdocs\hmc_proj\wp-content\themes\eightmedi-lite\header.php on line 9
[23-May-2019 06:41:36 UTC] PHP Notice:  Undefined index: logout in C:\xampp\htdocs\hmc_proj\wp-content\themes\eightmedi-lite\header.php on line 50
[23-May-2019 06:41:36 UTC] PHP Notice:  Undefined index: username in C:\xampp\htdocs\hmc_proj\wp-content\themes\eightmedi-lite\header.php on line 80
[23-May-2019 06:41:36 UTC] PHP Notice:  Undefined index: fullname in C:\xampp\htdocs\hmc_proj\wp-content\themes\eightmedi-lite\header.php on line 81
[23-May-2019 06:41:36 UTC] PHP Notice:  Undefined index: onsubmit in C:\xampp\htdocs\hmc_proj\wp-content\themes\eightmedi-lite\external\login\login.php on line 68
[23-May-2019 06:41:36 UTC] PHP Notice:  Undefined index: txt_email in C:\xampp\htdocs\hmc_proj\wp-content\themes\eightmedi-lite\external\login\login.php on line 69
[23-May-2019 06:41:36 UTC] PHP Notice:  Undefined index: txt_pwd in C:\xampp\htdocs\hmc_proj\wp-content\themes\eightmedi-lite\external\login\login.php on line 70
[23-May-2019 06:41:36 UTC] PHP Notice:  Undefined index: prev_page in C:\xampp\htdocs\hmc_proj\wp-content\themes\eightmedi-lite\external\login\login.php on line 71
[23-May-2019 06:41:39 UTC] PHP Notice:  Undefined index: hook_suffix in C:\xampp\htdocs\hmc_proj\wp-admin\includes\class-wp-screen.php on line 213
[23-May-2019 06:44:34 UTC] PHP Notice:  session_start(): A session had already been started - ignoring in C:\xampp\htdocs\hmc_proj\wp-content\themes\eightmedi-lite\page.php on line 2
[23-May-2019 06:44:34 UTC] PHP Notice:  session_start(): A session had already been started - ignoring in C:\xampp\htdocs\hmc_proj\wp-content\themes\eightmedi-lite\header.php on line 9
[23-May-2019 06:44:34 UTC] PHP Notice:  Undefined index: logout in C:\xampp\htdocs\hmc_proj\wp-content\themes\eightmedi-lite\header.php on line 50
[23-May-2019 06:44:35 UTC] PHP Notice:  Undefined index: username in C:\xampp\htdocs\hmc_proj\wp-content\themes\eightmedi-lite\header.php on line 80
[23-May-2019 06:44:35 UTC] PHP Notice:  Undefined index: fullname in C:\xampp\htdocs\hmc_proj\wp-content\themes\eightmedi-lite\header.php on line 81
[23-May-2019 07:05:50 UTC] PHP Notice:  session_start(): A session had already been started - ignoring in C:\xampp\htdocs\hmc_proj\wp-content\themes\eightmedi-lite\page.php on line 2
[23-May-2019 07:05:50 UTC] PHP Notice:  session_start(): A session had already been started - ignoring in C:\xampp\htdocs\hmc_proj\wp-content\themes\eightmedi-lite\header.php on line 9
[23-May-2019 07:05:50 UTC] PHP Notice:  Undefined index: logout in C:\xampp\htdocs\hmc_proj\wp-content\themes\eightmedi-lite\header.php on line 50
[23-May-2019 07:05:51 UTC] PHP Notice:  Undefined index: username in C:\xampp\htdocs\hmc_proj\wp-content\themes\eightmedi-lite\header.php on line 80
[23-May-2019 07:05:51 UTC] PHP Notice:  Undefined index: fullname in C:\xampp\htdocs\hmc_proj\wp-content\themes\eightmedi-lite\header.php on line 81
[27-May-2019 03:20:30 UTC] PHP Notice:  session_start(): A session had already been started - ignoring in C:\xampp\htdocs\hmc_proj\wp-content\themes\eightmedi-lite\page.php on line 2
[27-May-2019 03:20:30 UTC] PHP Notice:  session_start(): A session had already been started - ignoring in C:\xampp\htdocs\hmc_proj\wp-content\themes\eightmedi-lite\header.php on line 9
[27-May-2019 03:20:30 UTC] PHP Notice:  Undefined index: logout in C:\xampp\htdocs\hmc_proj\wp-content\themes\eightmedi-lite\header.php on line 50
[27-May-2019 03:20:31 UTC] PHP Notice:  Undefined index: username in C:\xampp\htdocs\hmc_proj\wp-content\themes\eightmedi-lite\header.php on line 80
[27-May-2019 03:20:31 UTC] PHP Notice:  Undefined index: fullname in C:\xampp\htdocs\hmc_proj\wp-content\themes\eightmedi-lite\header.php on line 81
[27-May-2019 03:27:35 UTC] PHP Notice:  session_start(): A session had already been started - ignoring in C:\xampp\htdocs\hmc_proj\wp-content\themes\eightmedi-lite\page.php on line 2
[27-May-2019 03:27:35 UTC] PHP Notice:  session_start(): A session had already been started - ignoring in C:\xampp\htdocs\hmc_proj\wp-content\themes\eightmedi-lite\header.php on line 9
[27-May-2019 03:27:35 UTC] PHP Notice:  Undefined index: logout in C:\xampp\htdocs\hmc_proj\wp-content\themes\eightmedi-lite\header.php on line 50
[27-May-2019 03:27:35 UTC] PHP Notice:  Undefined index: username in C:\xampp\htdocs\hmc_proj\wp-content\themes\eightmedi-lite\header.php on line 80
[27-May-2019 03:27:35 UTC] PHP Notice:  Undefined index: fullname in C:\xampp\htdocs\hmc_proj\wp-content\themes\eightmedi-lite\header.php on line 81
[27-May-2019 03:27:56 UTC] PHP Notice:  session_start(): A session had already been started - ignoring in C:\xampp\htdocs\hmc_proj\wp-content\themes\eightmedi-lite\page.php on line 2
[27-May-2019 03:27:56 UTC] PHP Notice:  session_start(): A session had already been started - ignoring in C:\xampp\htdocs\hmc_proj\wp-content\themes\eightmedi-lite\header.php on line 9
[27-May-2019 03:27:56 UTC] PHP Notice:  Undefined index: logout in C:\xampp\htdocs\hmc_proj\wp-content\themes\eightmedi-lite\header.php on line 50
[27-May-2019 03:27:56 UTC] PHP Notice:  Undefined index: username in C:\xampp\htdocs\hmc_proj\wp-content\themes\eightmedi-lite\header.php on line 80
[27-May-2019 03:27:56 UTC] PHP Notice:  Undefined index: fullname in C:\xampp\htdocs\hmc_proj\wp-content\themes\eightmedi-lite\header.php on line 81
[27-May-2019 03:27:56 UTC] PHP Notice:  session_start(): A session had already been started - ignoring in C:\xampp\htdocs\hmc_proj\wp-content\themes\eightmedi-lite\external\multistep\Q1\Frm_Question1.php on line 2
[27-May-2019 03:28:04 UTC] PHP Notice:  session_start(): A session had already been started - ignoring in C:\xampp\htdocs\hmc_proj\wp-content\themes\eightmedi-lite\page.php on line 2
[27-May-2019 03:28:04 UTC] PHP Notice:  session_start(): A session had already been started - ignoring in C:\xampp\htdocs\hmc_proj\wp-content\themes\eightmedi-lite\header.php on line 9
[27-May-2019 03:28:04 UTC] PHP Notice:  Undefined index: logout in C:\xampp\htdocs\hmc_proj\wp-content\themes\eightmedi-lite\header.php on line 50
[27-May-2019 03:28:04 UTC] PHP Notice:  Undefined index: username in C:\xampp\htdocs\hmc_proj\wp-content\themes\eightmedi-lite\header.php on line 80
[27-May-2019 03:28:04 UTC] PHP Notice:  Undefined index: fullname in C:\xampp\htdocs\hmc_proj\wp-content\themes\eightmedi-lite\header.php on line 81
[27-May-2019 03:28:04 UTC] PHP Notice:  Undefined index: onsubmit in C:\xampp\htdocs\hmc_proj\wp-content\themes\eightmedi-lite\external\login\login.php on line 68
[27-May-2019 03:28:04 UTC] PHP Notice:  Undefined index: txt_email in C:\xampp\htdocs\hmc_proj\wp-content\themes\eightmedi-lite\external\login\login.php on line 69
[27-May-2019 03:28:04 UTC] PHP Notice:  Undefined index: txt_pwd in C:\xampp\htdocs\hmc_proj\wp-content\themes\eightmedi-lite\external\login\login.php on line 70
[27-May-2019 03:28:04 UTC] PHP Notice:  Undefined index: prev_page in C:\xampp\htdocs\hmc_proj\wp-content\themes\eightmedi-lite\external\login\login.php on line 71
[27-May-2019 03:28:19 UTC] PHP Notice:  session_start(): A session had already been started - ignoring in C:\xampp\htdocs\hmc_proj\wp-content\themes\eightmedi-lite\page.php on line 2
[27-May-2019 03:28:19 UTC] PHP Notice:  session_start(): A session had already been started - ignoring in C:\xampp\htdocs\hmc_proj\wp-content\themes\eightmedi-lite\header.php on line 9
[27-May-2019 03:28:19 UTC] PHP Notice:  Undefined index: logout in C:\xampp\htdocs\hmc_proj\wp-content\themes\eightmedi-lite\header.php on line 50
[27-May-2019 03:28:19 UTC] PHP Notice:  Undefined index: username in C:\xampp\htdocs\hmc_proj\wp-content\themes\eightmedi-lite\header.php on line 80
[27-May-2019 03:28:19 UTC] PHP Notice:  Undefined index: fullname in C:\xampp\htdocs\hmc_proj\wp-content\themes\eightmedi-lite\header.php on line 81
[27-May-2019 03:28:27 UTC] PHP Notice:  session_start(): A session had already been started - ignoring in C:\xampp\htdocs\hmc_proj\wp-content\themes\eightmedi-lite\page.php on line 2
[27-May-2019 03:28:27 UTC] PHP Notice:  session_start(): A session had already been started - ignoring in C:\xampp\htdocs\hmc_proj\wp-content\themes\eightmedi-lite\header.php on line 9
[27-May-2019 03:28:27 UTC] PHP Notice:  Undefined index: logout in C:\xampp\htdocs\hmc_proj\wp-content\themes\eightmedi-lite\header.php on line 50
[27-May-2019 03:28:27 UTC] PHP Notice:  session_start(): A session had already been started - ignoring in C:\xampp\htdocs\hmc_proj\wp-content\themes\eightmedi-lite\external\multistep\Q1\Frm_Question1.php on line 2
[27-May-2019 03:29:57 UTC] PHP Notice:  session_start(): A session had already been started - ignoring in C:\xampp\htdocs\hmc_proj\wp-content\themes\eightmedi-lite\page.php on line 2
[27-May-2019 03:29:57 UTC] PHP Notice:  session_start(): A session had already been started - ignoring in C:\xampp\htdocs\hmc_proj\wp-content\themes\eightmedi-lite\header.php on line 9
[27-May-2019 03:29:57 UTC] PHP Notice:  Undefined index: logout in C:\xampp\htdocs\hmc_proj\wp-content\themes\eightmedi-lite\header.php on line 50
[27-May-2019 03:41:03 UTC] PHP Notice:  session_start(): A session had already been started - ignoring in C:\xampp\htdocs\hmc_proj\wp-content\themes\eightmedi-lite\page.php on line 2
[27-May-2019 03:41:03 UTC] PHP Notice:  session_start(): A session had already been started - ignoring in C:\xampp\htdocs\hmc_proj\wp-content\themes\eightmedi-lite\header.php on line 9
[27-May-2019 03:41:03 UTC] PHP Notice:  Undefined index: logout in C:\xampp\htdocs\hmc_proj\wp-content\themes\eightmedi-lite\header.php on line 50
